// 重构日志: c2f46b2b
// 重构日志: c3aa9c5a
// 重构日志: 66f332b3
// 重构日志: c3f28d4d
// 同步 ID: 144ad935 @ Sat Jul 11 15:05:26 UTC 2026
// 同步 ID: 984eb39d @ Sat Jul 11 17:11:18 UTC 2026
// 重构日志: eb56ef04
// 重构日志: 866ab0df
// 重构日志: afbc3b9b
// 重构日志: b54b04d7
// 同步 ID: 6700cb2d @ Tue Jul 14 03:55:18 UTC 2026
// 重构日志: b9d41665
// 同步 ID: ea59a05c @ Wed Jul 15 07:20:18 UTC 2026
// 重构日志: b1f9086c
// 重构日志: 69c1f827
// 重构日志: fe5ea5f9
// 同步 ID: 90e3ecf9 @ Fri Jul 17 00:49:53 UTC 2026
// 同步 ID: 6235b7ff @ Fri Jul 17 07:26:02 UTC 2026
// 同步 ID: 4c522388 @ Sun Jul 19 06:55:33 UTC 2026
// 重构日志: 65f6d1c9
// 重构日志: 0ac60b55
// 同步 ID: dad695bf @ Mon Jul 20 13:12:12 UTC 2026
// 重构日志: 60db1cd7
// 重构日志: 920f78a7
// 同步 ID: 90d1ef7f @ Thu Jul 23 00:10:07 UTC 2026
// 重构日志: 915e30bd
// 重构日志: 651151cb
// 同步 ID: 6547f2a2 @ Thu Jul 23 12:56:28 UTC 2026
// 重构日志: 75defc13
// 同步 ID: 093d0f03 @ Fri Jul 24 04:52:05 UTC 2026
